# JRE version: OpenJDK Runtime Environment AdoptOpenJDK (11.0.10+9) (build 11.0.10+9)
# Java VM: OpenJDK 64-Bit Server VM AdoptOpenJDK (11.0.10+9, mixed mode, tiered, compressed oops, parallel gc, windows-amd64)
Heap:
 PSYoungGen      total 24064K, used 54K [0x00000000eab00000, 0x00000000ec400000, 0x0000000100000000)
  eden space 22016K, 0% used [0x00000000eab00000,0x00000000eab0db70,0x00000000ec080000)
  from space 2048K, 0% used [0x00000000ec080000,0x00000000ec080000,0x00000000ec280000)
  to   space 512K, 0% used [0x00000000ec380000,0x00000000ec380000,0x00000000ec400000)
 ParOldGen       total 68608K, used 24680K [0x00000000c0000000, 0x00000000c4300000, 0x00000000eab00000)
  object space 68608K, 35% used [0x00000000c0000000,0x00000000c181a260,0x00000000c4300000)
 Metaspace       used 33640K, capacity 35439K, committed 35584K, reserved 1081344K
  class space    used 3144K, capacity 3814K, committed 3840K, reserved 1048576K
GC Heap History (20 events):
Event: 3.495 GC heap before
{Heap before GC invocations=8 (full 1):
 PSYoungGen      total 26624K, used 26595K [0x00000000eab00000, 0x00000000eca00000, 0x0000000100000000)
  eden space 24064K, 100% used [0x00000000eab00000,0x00000000ec280000,0x00000000ec280000)
  from space 2560K, 98% used [0x00000000ec600000,0x00000000ec878ee8,0x00000000ec880000)
  to   space 3584K, 0% used [0x00000000ec280000,0x00000000ec280000,0x00000000ec600000)
 ParOldGen       total 68608K, used 6395K [0x00000000c0000000, 0x00000000c4300000, 0x00000000eab00000)
  object space 68608K, 9% used [0x00000000c0000000,0x00000000c063ef30,0x00000000c4300000)
 Metaspace       used 30710K, capacity 32406K, committed 32512K, reserved 1079296K
  class space    used 2931K, capacity 3571K, committed 3584K, reserved 1048576K
}
Event: 3.498 GC heap after
{Heap after GC invocations=8 (full 1):
 PSYoungGen      total 27136K, used 3560K [0x00000000eab00000, 0x00000000ecb00000, 0x0000000100000000)
  eden space 23552K, 0% used [0x00000000eab00000,0x00000000eab00000,0x00000000ec200000)
  from space 3584K, 99% used [0x00000000ec280000,0x00000000ec5fa258,0x00000000ec600000)
  to   space 4608K, 0% used [0x00000000ec680000,0x00000000ec680000,0x00000000ecb00000)
 ParOldGen       total 68608K, used 6837K [0x00000000c0000000, 0x00000000c4300000, 0x00000000eab00000)
  object space 68608K, 9% used [0x00000000c0000000,0x00000000c06ad740,0x00000000c4300000)
 Metaspace       used 30710K, capacity 32406K, committed 32512K, reserved 1079296K
  class space    used 2931K, capacity 3571K, committed 3584K, reserved 1048576K
}
Event: 3.638 GC heap before
{Heap before GC invocations=9 (full 1):
 PSYoungGen      total 27136K, used 27112K [0x00000000eab00000, 0x00000000ecb00000, 0x0000000100000000)
  eden space 23552K, 100% used [0x00000000eab00000,0x00000000ec200000,0x00000000ec200000)
  from space 3584K, 99% used [0x00000000ec280000,0x00000000ec5fa258,0x00000000ec600000)
  to   space 4608K, 0% used [0x00000000ec680000,0x00000000ec680000,0x00000000ecb00000)
 ParOldGen       total 68608K, used 6837K [0x00000000c0000000, 0x00000000c4300000, 0x00000000eab00000)
  object space 68608K, 9% used [0x00000000c0000000,0x00000000c06ad740,0x00000000c4300000)
 Metaspace       used 31139K, capacity 32820K, committed 32896K, reserved 1079296K
  class space    used 2990K, capacity 3645K, committed 3712K, reserved 1048576K
}
Event: 3.651 GC heap after
{Heap after GC invocations=9 (full 1):
 PSYoungGen      total 26624K, used 4582K [0x00000000eab00000, 0x00000000ecd80000, 0x0000000100000000)
  eden space 22016K, 0% used [0x00000000eab00000,0x00000000eab00000,0x00000000ec080000)
  from space 4608K, 99% used [0x00000000ec680000,0x00000000ecaf9a20,0x00000000ecb00000)
  to   space 6144K, 0% used [0x00000000ec080000,0x00000000ec080000,0x00000000ec680000)
 ParOldGen       total 68608K, used 7921K [0x00000000c0000000, 0x00000000c4300000, 0x00000000eab00000)
  object space 68608K, 11% used [0x00000000c0000000,0x00000000c07bc7a0,0x00000000c4300000)
 Metaspace       used 31139K, capacity 32820K, committed 32896K, reserved 1079296K
  class space    used 2990K, capacity 3645K, committed 3712K, reserved 1048576K
}
Event: 3.728 GC heap before
{Heap before GC invocations=10 (full 1):
 PSYoungGen      total 26624K, used 26598K [0x00000000eab00000, 0x00000000ecd80000, 0x0000000100000000)
  eden space 22016K, 100% used [0x00000000eab00000,0x00000000ec080000,0x00000000ec080000)
  from space 4608K, 99% used [0x00000000ec680000,0x00000000ecaf9a20,0x00000000ecb00000)
  to   space 6144K, 0% used [0x00000000ec080000,0x00000000ec080000,0x00000000ec680000)
 ParOldGen       total 68608K, used 7921K [0x00000000c0000000, 0x00000000c4300000, 0x00000000eab00000)
  object space 68608K, 11% used [0x00000000c0000000,0x00000000c07bc7a0,0x00000000c4300000)
 Metaspace       used 31170K, capacity 32948K, committed 33152K, reserved 1079296K
  class space    used 2990K, capacity 3645K, committed 3712K, reserved 1048576K
}
Event: 3.744 GC heap after
{Heap after GC invocations=10 (full 1):
 PSYoungGen      total 27136K, used 5118K [0x00000000eab00000, 0x00000000ecb80000, 0x0000000100000000)
  eden space 22016K, 0% used [0x00000000eab00000,0x00000000eab00000,0x00000000ec080000)
  from space 5120K, 99% used [0x00000000ec080000,0x00000000ec57fbd0,0x00000000ec580000)
  to   space 5632K, 0% used [0x00000000ec600000,0x00000000ec600000,0x00000000ecb80000)
 ParOldGen       total 68608K, used 9330K [0x00000000c0000000, 0x00000000c4300000, 0x00000000eab00000)
  object space 68608K, 13% used [0x00000000c0000000,0x00000000c091caf8,0x00000000c4300000)
 Metaspace       used 31170K, capacity 32948K, committed 33152K, reserved 1079296K
  class space    used 2990K, capacity 3645K, committed 3712K, reserved 1048576K
}
Event: 3.840 GC heap before
{Heap before GC invocations=11 (full 1):
 PSYoungGen      total 27136K, used 27134K [0x00000000eab00000, 0x00000000ecb80000, 0x0000000100000000)
  eden space 22016K, 100% used [0x00000000eab00000,0x00000000ec080000,0x00000000ec080000)
  from space 5120K, 99% used [0x00000000ec080000,0x00000000ec57fbd0,0x00000000ec580000)
  to   space 5632K, 0% used [0x00000000ec600000,0x00000000ec600000,0x00000000ecb80000)
 ParOldGen       total 68608K, used 9330K [0x00000000c0000000, 0x00000000c4300000, 0x00000000eab00000)
  object space 68608K, 13% used [0x00000000c0000000,0x00000000c091caf8,0x00000000c4300000)
 Metaspace       used 31357K, capacity 33108K, committed 33152K, reserved 1079296K
  class space    used 3005K, capacity 3677K, committed 3712K, reserved 1048576K
}
Event: 3.845 GC heap after
{Heap after GC invocations=11 (full 1):
 PSYoungGen      total 26624K, used 4530K [0x00000000eab00000, 0x00000000eca80000, 0x0000000100000000)
  eden space 22016K, 0% used [0x00000000eab00000,0x00000000eab00000,0x00000000ec080000)
  from space 4608K, 98% used [0x00000000ec600000,0x00000000eca6cb38,0x00000000eca80000)
  to   space 5120K, 0% used [0x00000000ec080000,0x00000000ec080000,0x00000000ec580000)
 ParOldGen       total 68608K, used 12455K [0x00000000c0000000, 0x00000000c4300000, 0x00000000eab00000)
  object space 68608K, 18% used [0x00000000c0000000,0x00000000c0c29d88,0x00000000c4300000)
 Metaspace       used 31357K, capacity 33108K, committed 33152K, reserved 1079296K
  class space    used 3005K, capacity 3677K, committed 3712K, reserved 1048576K
}
Event: 3.897 GC heap before
{Heap before GC invocations=12 (full 1):
 PSYoungGen      total 26624K, used 26546K [0x00000000eab00000, 0x00000000eca80000, 0x0000000100000000)
  eden space 22016K, 100% used [0x00000000eab00000,0x00000000ec080000,0x00000000ec080000)
  from space 4608K, 98% used [0x00000000ec600000,0x00000000eca6cb38,0x00000000eca80000)
  to   space 5120K, 0% used [0x00000000ec080000,0x00000000ec080000,0x00000000ec580000)
 ParOldGen       total 68608K, used 12455K [0x00000000c0000000, 0x00000000c4300000, 0x00000000eab00000)
  object space 68608K, 18% used [0x00000000c0000000,0x00000000c0c29d88,0x00000000c4300000)
 Metaspace       used 31357K, capacity 33108K, committed 33152K, reserved 1079296K
  class space    used 3005K, capacity 3677K, committed 3712K, reserved 1048576K
}
Event: 3.907 GC heap after
{Heap after GC invocations=12 (full 1):
 PSYoungGen      total 24576K, used 2208K [0x00000000eab00000, 0x00000000ec780000, 0x0000000100000000)
  eden space 22016K, 0% used [0x00000000eab00000,0x00000000eab00000,0x00000000ec080000)
  from space 2560K, 86% used [0x00000000ec080000,0x00000000ec2a8000,0x00000000ec300000)
  to   space 3584K, 0% used [0x00000000ec400000,0x00000000ec400000,0x00000000ec780000)
 ParOldGen       total 68608K, used 16926K [0x00000000c0000000, 0x00000000c4300000, 0x00000000eab00000)
  object space 68608K, 24% used [0x00000000c0000000,0x00000000c1087ab0,0x00000000c4300000)
 Metaspace       used 31357K, capacity 33108K, committed 33152K, reserved 1079296K
  class space    used 3005K, capacity 3677K, committed 3712K, reserved 1048576K
}
Event: 3.974 GC heap before
{Heap before GC invocations=13 (full 1):
 PSYoungGen      total 24576K, used 24224K [0x00000000eab00000, 0x00000000ec780000, 0x0000000100000000)
  eden space 22016K, 100% used [0x00000000eab00000,0x00000000ec080000,0x00000000ec080000)
  from space 2560K, 86% used [0x00000000ec080000,0x00000000ec2a8000,0x00000000ec300000)
  to   space 3584K, 0% used [0x00000000ec400000,0x00000000ec400000,0x00000000ec780000)
 ParOldGen       total 68608K, used 16926K [0x00000000c0000000, 0x00000000c4300000, 0x00000000eab00000)
  object space 68608K, 24% used [0x00000000c0000000,0x00000000c1087ab0,0x00000000c4300000)
 Metaspace       used 31357K, capacity 33108K, committed 33152K, reserved 1079296K
  class space    used 3005K, capacity 3677K, committed 3712K, reserved 1048576K
}
Event: 3.990 GC heap after
{Heap after GC invocations=13 (full 1):
 PSYoungGen      total 24576K, used 2528K [0x00000000eab00000, 0x00000000ec680000, 0x0000000100000000)
  eden space 22016K, 0% used [0x00000000eab00000,0x00000000eab00000,0x00000000ec080000)
  from space 2560K, 98% used [0x00000000ec400000,0x00000000ec678010,0x00000000ec680000)
  to   space 3072K, 0% used [0x00000000ec080000,0x00000000ec080000,0x00000000ec380000)
 ParOldGen       total 68608K, used 19030K [0x00000000c0000000, 0x00000000c4300000, 0x00000000eab00000)
  object space 68608K, 27% used [0x00000000c0000000,0x00000000c1295ab0,0x00000000c4300000)
 Metaspace       used 31357K, capacity 33108K, committed 33152K, reserved 1079296K
  class space    used 3005K, capacity 3677K, committed 3712K, reserved 1048576K
}
Event: 4.250 GC heap before
{Heap before GC invocations=14 (full 1):
 PSYoungGen      total 24576K, used 24544K [0x00000000eab00000, 0x00000000ec680000, 0x0000000100000000)
  eden space 22016K, 100% used [0x00000000eab00000,0x00000000ec080000,0x00000000ec080000)
  from space 2560K, 98% used [0x00000000ec400000,0x00000000ec678010,0x00000000ec680000)
  to   space 3072K, 0% used [0x00000000ec080000,0x00000000ec080000,0x00000000ec380000)
 ParOldGen       total 68608K, used 19030K [0x00000000c0000000, 0x00000000c4300000, 0x00000000eab00000)
  object space 68608K, 27% used [0x00000000c0000000,0x00000000c1295ab0,0x00000000c4300000)
 Metaspace       used 31456K, capacity 33182K, committed 33408K, reserved 1079296K
  class space    used 3011K, capacity 3680K, committed 3712K, reserved 1048576K
}
Event: 4.255 GC heap after
{Heap after GC invocations=14 (full 1):
 PSYoungGen      total 25088K, used 2848K [0x00000000eab00000, 0x00000000ec680000, 0x0000000100000000)
  eden space 22016K, 0% used [0x00000000eab00000,0x00000000eab00000,0x00000000ec080000)
  from space 3072K, 92% used [0x00000000ec080000,0x00000000ec348000,0x00000000ec380000)
  to   space 3072K, 0% used [0x00000000ec380000,0x00000000ec380000,0x00000000ec680000)
 ParOldGen       total 68608K, used 21540K [0x00000000c0000000, 0x00000000c4300000, 0x00000000eab00000)
  object space 68608K, 31% used [0x00000000c0000000,0x00000000c1509340,0x00000000c4300000)
 Metaspace       used 31456K, capacity 33182K, committed 33408K, reserved 1079296K
  class space    used 3011K, capacity 3680K, committed 3712K, reserved 1048576K
}
Event: 4.538 GC heap before
{Heap before GC invocations=15 (full 1):
 PSYoungGen      total 25088K, used 24864K [0x00000000eab00000, 0x00000000ec680000, 0x0000000100000000)
  eden space 22016K, 100% used [0x00000000eab00000,0x00000000ec080000,0x00000000ec080000)
  from space 3072K, 92% used [0x00000000ec080000,0x00000000ec348000,0x00000000ec380000)
  to   space 3072K, 0% used [0x00000000ec380000,0x00000000ec380000,0x00000000ec680000)
 ParOldGen       total 68608K, used 21540K [0x00000000c0000000, 0x00000000c4300000, 0x00000000eab00000)
  object space 68608K, 31% used [0x00000000c0000000,0x00000000c1509340,0x00000000c4300000)
 Metaspace       used 33249K, capacity 35055K, committed 35328K, reserved 1081344K
  class space    used 3140K, capacity 3814K, committed 3840K, reserved 1048576K
}
Event: 4.546 GC heap after
{Heap after GC invocations=15 (full 1):
 PSYoungGen      total 23040K, used 945K [0x00000000eab00000, 0x00000000ec480000, 0x0000000100000000)
  eden space 22016K, 0% used [0x00000000eab00000,0x00000000eab00000,0x00000000ec080000)
  from space 1024K, 92% used [0x00000000ec380000,0x00000000ec46c770,0x00000000ec480000)
  to   space 2048K, 0% used [0x00000000ec080000,0x00000000ec080000,0x00000000ec280000)
 ParOldGen       total 68608K, used 24305K [0x00000000c0000000, 0x00000000c4300000, 0x00000000eab00000)
  object space 68608K, 35% used [0x00000000c0000000,0x00000000c17bc698,0x00000000c4300000)
 Metaspace       used 33249K, capacity 35055K, committed 35328K, reserved 1081344K
  class space    used 3140K, capacity 3814K, committed 3840K, reserved 1048576K
}
Event: 4.559 GC heap before
{Heap before GC invocations=16 (full 1):
 PSYoungGen      total 23040K, used 1398K [0x00000000eab00000, 0x00000000ec480000, 0x0000000100000000)
  eden space 22016K, 2% used [0x00000000eab00000,0x00000000eab71158,0x00000000ec080000)
  from space 1024K, 92% used [0x00000000ec380000,0x00000000ec46c770,0x00000000ec480000)
  to   space 2048K, 0% used [0x00000000ec080000,0x00000000ec080000,0x00000000ec280000)
 ParOldGen       total 68608K, used 24305K [0x00000000c0000000, 0x00000000c4300000, 0x00000000eab00000)
  object space 68608K, 35% used [0x00000000c0000000,0x00000000c17bc698,0x00000000c4300000)
 Metaspace       used 33446K, capacity 35247K, committed 35328K, reserved 1081344K
  class space    used 3143K, capacity 3814K, committed 3840K, reserved 1048576K
}
Event: 4.569 GC heap after
{Heap after GC invocations=16 (full 1):
 PSYoungGen      total 24064K, used 64K [0x00000000eab00000, 0x00000000ec400000, 0x0000000100000000)
  eden space 22016K, 0% used [0x00000000eab00000,0x00000000eab00000,0x00000000ec080000)
  from space 2048K, 3% used [0x00000000ec080000,0x00000000ec090000,0x00000000ec280000)
  to   space 512K, 0% used [0x00000000ec380000,0x00000000ec380000,0x00000000ec400000)
 ParOldGen       total 68608K, used 25178K [0x00000000c0000000, 0x00000000c4300000, 0x00000000eab00000)
  object space 68608K, 36% used [0x00000000c0000000,0x00000000c18969c8,0x00000000c4300000)
 Metaspace       used 33446K, capacity 35247K, committed 35328K, reserved 1081344K
  class space    used 3143K, capacity 3814K, committed 3840K, reserved 1048576K
}
Event: 4.569 GC heap before
{Heap before GC invocations=17 (full 2):
 PSYoungGen      total 24064K, used 64K [0x00000000eab00000, 0x00000000ec400000, 0x0000000100000000)
  eden space 22016K, 0% used [0x00000000eab00000,0x00000000eab00000,0x00000000ec080000)
  from space 2048K, 3% used [0x00000000ec080000,0x00000000ec090000,0x00000000ec280000)
  to   space 512K, 0% used [0x00000000ec380000,0x00000000ec380000,0x00000000ec400000)
 ParOldGen       total 68608K, used 25178K [0x00000000c0000000, 0x00000000c4300000, 0x00000000eab00000)
  object space 68608K, 36% used [0x00000000c0000000,0x00000000c18969c8,0x00000000c4300000)
 Metaspace       used 33446K, capacity 35247K, committed 35328K, reserved 1081344K
  class space    used 3143K, capacity 3814K, committed 3840K, reserved 1048576K
}
Event: 4.754 GC heap after
{Heap after GC invocations=17 (full 2):
 PSYoungGen      total 24064K, used 0K [0x00000000eab00000, 0x00000000ec400000, 0x0000000100000000)
  eden space 22016K, 0% used [0x00000000eab00000,0x00000000eab00000,0x00000000ec080000)
  from space 2048K, 0% used [0x00000000ec080000,0x00000000ec080000,0x00000000ec280000)
  to   space 512K, 0% used [0x00000000ec380000,0x00000000ec380000,0x00000000ec400000)
 ParOldGen       total 68608K, used 24680K [0x00000000c0000000, 0x00000000c4300000, 0x00000000eab00000)
  object space 68608K, 35% used [0x00000000c0000000,0x00000000c181a260,0x00000000c4300000)
 Metaspace       used 33446K, capacity 35247K, committed 35328K, reserved 1081344K
  class space    used 3143K, capacity 3814K, committed 3840K, reserved 1048576K
}

