# JRE version: OpenJDK Runtime Environment AdoptOpenJDK (11.0.10+9) (build 11.0.10+9)
# Java VM: OpenJDK 64-Bit Server VM AdoptOpenJDK (11.0.10+9, mixed mode, tiered, compressed oops, parallel gc, windows-amd64)
Heap:
 PSYoungGen      total 24064K, used 0K [0x00000000eab00000, 0x00000000ec480000, 0x0000000100000000)
  eden space 22016K, 0% used [0x00000000eab00000,0x00000000eab00000,0x00000000ec080000)
  from space 2048K, 0% used [0x00000000ec180000,0x00000000ec180000,0x00000000ec380000)
  to   space 1024K, 0% used [0x00000000ec380000,0x00000000ec380000,0x00000000ec480000)
 ParOldGen       total 68608K, used 24661K [0x00000000c0000000, 0x00000000c4300000, 0x00000000eab00000)
  object space 68608K, 35% used [0x00000000c0000000,0x00000000c18157a8,0x00000000c4300000)
 Metaspace       used 33406K, capacity 35274K, committed 35416K, reserved 1081344K
  class space    used 3156K, capacity 3846K, committed 3928K, reserved 1048576K
GC Heap History (20 events):
Event: 3.696 GC heap before
{Heap before GC invocations=8 (full 1):
 PSYoungGen      total 26624K, used 26601K [0x00000000eab00000, 0x00000000eca00000, 0x0000000100000000)
  eden space 24064K, 100% used [0x00000000eab00000,0x00000000ec280000,0x00000000ec280000)
  from space 2560K, 99% used [0x00000000ec600000,0x00000000ec87a640,0x00000000ec880000)
  to   space 3584K, 0% used [0x00000000ec280000,0x00000000ec280000,0x00000000ec600000)
 ParOldGen       total 68608K, used 6360K [0x00000000c0000000, 0x00000000c4300000, 0x00000000eab00000)
  object space 68608K, 9% used [0x00000000c0000000,0x00000000c0636138,0x00000000c4300000)
 Metaspace       used 30637K, capacity 32401K, committed 32512K, reserved 1079296K
  class space    used 2926K, capacity 3571K, committed 3584K, reserved 1048576K
}
Event: 3.702 GC heap after
{Heap after GC invocations=8 (full 1):
 PSYoungGen      total 27136K, used 3556K [0x00000000eab00000, 0x00000000ecb00000, 0x0000000100000000)
  eden space 23552K, 0% used [0x00000000eab00000,0x00000000eab00000,0x00000000ec200000)
  from space 3584K, 99% used [0x00000000ec280000,0x00000000ec5f9390,0x00000000ec600000)
  to   space 4608K, 0% used [0x00000000ec680000,0x00000000ec680000,0x00000000ecb00000)
 ParOldGen       total 68608K, used 6839K [0x00000000c0000000, 0x00000000c4300000, 0x00000000eab00000)
  object space 68608K, 9% used [0x00000000c0000000,0x00000000c06add58,0x00000000c4300000)
 Metaspace       used 30637K, capacity 32401K, committed 32512K, reserved 1079296K
  class space    used 2926K, capacity 3571K, committed 3584K, reserved 1048576K
}
Event: 3.873 GC heap before
{Heap before GC invocations=9 (full 1):
 PSYoungGen      total 27136K, used 27108K [0x00000000eab00000, 0x00000000ecb00000, 0x0000000100000000)
  eden space 23552K, 100% used [0x00000000eab00000,0x00000000ec200000,0x00000000ec200000)
  from space 3584K, 99% used [0x00000000ec280000,0x00000000ec5f9390,0x00000000ec600000)
  to   space 4608K, 0% used [0x00000000ec680000,0x00000000ec680000,0x00000000ecb00000)
 ParOldGen       total 68608K, used 6839K [0x00000000c0000000, 0x00000000c4300000, 0x00000000eab00000)
  object space 68608K, 9% used [0x00000000c0000000,0x00000000c06add58,0x00000000c4300000)
 Metaspace       used 31110K, capacity 32815K, committed 32896K, reserved 1079296K
  class space    used 2990K, capacity 3645K, committed 3712K, reserved 1048576K
}
Event: 3.881 GC heap after
{Heap after GC invocations=9 (full 1):
 PSYoungGen      total 26624K, used 4595K [0x00000000eab00000, 0x00000000ecd80000, 0x0000000100000000)
  eden space 22016K, 0% used [0x00000000eab00000,0x00000000eab00000,0x00000000ec080000)
  from space 4608K, 99% used [0x00000000ec680000,0x00000000ecafcfb0,0x00000000ecb00000)
  to   space 6144K, 0% used [0x00000000ec080000,0x00000000ec080000,0x00000000ec680000)
 ParOldGen       total 68608K, used 7941K [0x00000000c0000000, 0x00000000c4300000, 0x00000000eab00000)
  object space 68608K, 11% used [0x00000000c0000000,0x00000000c07c1608,0x00000000c4300000)
 Metaspace       used 31110K, capacity 32815K, committed 32896K, reserved 1079296K
  class space    used 2990K, capacity 3645K, committed 3712K, reserved 1048576K
}
Event: 4.017 GC heap before
{Heap before GC invocations=10 (full 1):
 PSYoungGen      total 26624K, used 26611K [0x00000000eab00000, 0x00000000ecd80000, 0x0000000100000000)
  eden space 22016K, 100% used [0x00000000eab00000,0x00000000ec080000,0x00000000ec080000)
  from space 4608K, 99% used [0x00000000ec680000,0x00000000ecafcfb0,0x00000000ecb00000)
  to   space 6144K, 0% used [0x00000000ec080000,0x00000000ec080000,0x00000000ec680000)
 ParOldGen       total 68608K, used 7941K [0x00000000c0000000, 0x00000000c4300000, 0x00000000eab00000)
  object space 68608K, 11% used [0x00000000c0000000,0x00000000c07c1608,0x00000000c4300000)
 Metaspace       used 31144K, capacity 32879K, committed 33152K, reserved 1079296K
  class space    used 2990K, capacity 3645K, committed 3712K, reserved 1048576K
}
Event: 4.082 GC heap after
{Heap after GC invocations=10 (full 1):
 PSYoungGen      total 27648K, used 5166K [0x00000000eab00000, 0x00000000ecb80000, 0x0000000100000000)
  eden space 22016K, 0% used [0x00000000eab00000,0x00000000eab00000,0x00000000ec080000)
  from space 5632K, 91% used [0x00000000ec080000,0x00000000ec58bbb0,0x00000000ec600000)
  to   space 5632K, 0% used [0x00000000ec600000,0x00000000ec600000,0x00000000ecb80000)
 ParOldGen       total 68608K, used 9346K [0x00000000c0000000, 0x00000000c4300000, 0x00000000eab00000)
  object space 68608K, 13% used [0x00000000c0000000,0x00000000c0920930,0x00000000c4300000)
 Metaspace       used 31144K, capacity 32879K, committed 33152K, reserved 1079296K
  class space    used 2990K, capacity 3645K, committed 3712K, reserved 1048576K
}
Event: 4.168 GC heap before
{Heap before GC invocations=11 (full 1):
 PSYoungGen      total 27648K, used 26796K [0x00000000eab00000, 0x00000000ecb80000, 0x0000000100000000)
  eden space 22016K, 98% used [0x00000000eab00000,0x00000000ec01f4f0,0x00000000ec080000)
  from space 5632K, 91% used [0x00000000ec080000,0x00000000ec58bbb0,0x00000000ec600000)
  to   space 5632K, 0% used [0x00000000ec600000,0x00000000ec600000,0x00000000ecb80000)
 ParOldGen       total 68608K, used 9346K [0x00000000c0000000, 0x00000000c4300000, 0x00000000eab00000)
  object space 68608K, 13% used [0x00000000c0000000,0x00000000c0920930,0x00000000c4300000)
 Metaspace       used 31334K, capacity 33039K, committed 33152K, reserved 1079296K
  class space    used 3004K, capacity 3677K, committed 3712K, reserved 1048576K
}
Event: 4.200 GC heap after
{Heap after GC invocations=11 (full 1):
 PSYoungGen      total 26112K, used 4000K [0x00000000eab00000, 0x00000000eca00000, 0x0000000100000000)
  eden space 22016K, 0% used [0x00000000eab00000,0x00000000eab00000,0x00000000ec080000)
  from space 4096K, 97% used [0x00000000ec600000,0x00000000ec9e8010,0x00000000eca00000)
  to   space 4608K, 0% used [0x00000000ec100000,0x00000000ec100000,0x00000000ec580000)
 ParOldGen       total 68608K, used 12455K [0x00000000c0000000, 0x00000000c4300000, 0x00000000eab00000)
  object space 68608K, 18% used [0x00000000c0000000,0x00000000c0c29dd0,0x00000000c4300000)
 Metaspace       used 31334K, capacity 33039K, committed 33152K, reserved 1079296K
  class space    used 3004K, capacity 3677K, committed 3712K, reserved 1048576K
}
Event: 4.281 GC heap before
{Heap before GC invocations=12 (full 1):
 PSYoungGen      total 26112K, used 26016K [0x00000000eab00000, 0x00000000eca00000, 0x0000000100000000)
  eden space 22016K, 100% used [0x00000000eab00000,0x00000000ec080000,0x00000000ec080000)
  from space 4096K, 97% used [0x00000000ec600000,0x00000000ec9e8010,0x00000000eca00000)
  to   space 4608K, 0% used [0x00000000ec100000,0x00000000ec100000,0x00000000ec580000)
 ParOldGen       total 68608K, used 12455K [0x00000000c0000000, 0x00000000c4300000, 0x00000000eab00000)
  object space 68608K, 18% used [0x00000000c0000000,0x00000000c0c29dd0,0x00000000c4300000)
 Metaspace       used 31335K, capacity 33039K, committed 33152K, reserved 1079296K
  class space    used 3004K, capacity 3677K, committed 3712K, reserved 1048576K
}
Event: 4.296 GC heap after
{Heap after GC invocations=12 (full 1):
 PSYoungGen      total 25088K, used 2656K [0x00000000eab00000, 0x00000000ec780000, 0x0000000100000000)
  eden space 22016K, 0% used [0x00000000eab00000,0x00000000eab00000,0x00000000ec080000)
  from space 3072K, 86% used [0x00000000ec100000,0x00000000ec398010,0x00000000ec400000)
  to   space 3584K, 0% used [0x00000000ec400000,0x00000000ec400000,0x00000000ec780000)
 ParOldGen       total 68608K, used 16413K [0x00000000c0000000, 0x00000000c4300000, 0x00000000eab00000)
  object space 68608K, 23% used [0x00000000c0000000,0x00000000c10076b8,0x00000000c4300000)
 Metaspace       used 31335K, capacity 33039K, committed 33152K, reserved 1079296K
  class space    used 3004K, capacity 3677K, committed 3712K, reserved 1048576K
}
Event: 4.352 GC heap before
{Heap before GC invocations=13 (full 1):
 PSYoungGen      total 25088K, used 24672K [0x00000000eab00000, 0x00000000ec780000, 0x0000000100000000)
  eden space 22016K, 100% used [0x00000000eab00000,0x00000000ec080000,0x00000000ec080000)
  from space 3072K, 86% used [0x00000000ec100000,0x00000000ec398010,0x00000000ec400000)
  to   space 3584K, 0% used [0x00000000ec400000,0x00000000ec400000,0x00000000ec780000)
 ParOldGen       total 68608K, used 16413K [0x00000000c0000000, 0x00000000c4300000, 0x00000000eab00000)
  object space 68608K, 23% used [0x00000000c0000000,0x00000000c10076b8,0x00000000c4300000)
 Metaspace       used 31335K, capacity 33039K, committed 33152K, reserved 1079296K
  class space    used 3004K, capacity 3677K, committed 3712K, reserved 1048576K
}
Event: 4.380 GC heap after
{Heap after GC invocations=13 (full 1):
 PSYoungGen      total 25088K, used 2624K [0x00000000eab00000, 0x00000000ec700000, 0x0000000100000000)
  eden space 22016K, 0% used [0x00000000eab00000,0x00000000eab00000,0x00000000ec080000)
  from space 3072K, 85% used [0x00000000ec400000,0x00000000ec690010,0x00000000ec700000)
  to   space 3072K, 0% used [0x00000000ec100000,0x00000000ec100000,0x00000000ec400000)
 ParOldGen       total 68608K, used 19005K [0x00000000c0000000, 0x00000000c4300000, 0x00000000eab00000)
  object space 68608K, 27% used [0x00000000c0000000,0x00000000c128f6c8,0x00000000c4300000)
 Metaspace       used 31335K, capacity 33039K, committed 33152K, reserved 1079296K
  class space    used 3004K, capacity 3677K, committed 3712K, reserved 1048576K
}
Event: 4.501 GC heap before
{Heap before GC invocations=14 (full 1):
 PSYoungGen      total 25088K, used 24640K [0x00000000eab00000, 0x00000000ec700000, 0x0000000100000000)
  eden space 22016K, 100% used [0x00000000eab00000,0x00000000ec080000,0x00000000ec080000)
  from space 3072K, 85% used [0x00000000ec400000,0x00000000ec690010,0x00000000ec700000)
  to   space 3072K, 0% used [0x00000000ec100000,0x00000000ec100000,0x00000000ec400000)
 ParOldGen       total 68608K, used 19005K [0x00000000c0000000, 0x00000000c4300000, 0x00000000eab00000)
  object space 68608K, 27% used [0x00000000c0000000,0x00000000c128f6c8,0x00000000c4300000)
 Metaspace       used 31426K, capacity 33177K, committed 33408K, reserved 1079296K
  class space    used 3009K, capacity 3680K, committed 3712K, reserved 1048576K
}
Event: 4.514 GC heap after
{Heap after GC invocations=14 (full 1):
 PSYoungGen      total 25088K, used 2816K [0x00000000eab00000, 0x00000000ec680000, 0x0000000100000000)
  eden space 22016K, 0% used [0x00000000eab00000,0x00000000eab00000,0x00000000ec080000)
  from space 3072K, 91% used [0x00000000ec100000,0x00000000ec3c0000,0x00000000ec400000)
  to   space 2560K, 0% used [0x00000000ec400000,0x00000000ec400000,0x00000000ec680000)
 ParOldGen       total 68608K, used 21563K [0x00000000c0000000, 0x00000000c4300000, 0x00000000eab00000)
  object space 68608K, 31% used [0x00000000c0000000,0x00000000c150ef58,0x00000000c4300000)
 Metaspace       used 31426K, capacity 33177K, committed 33408K, reserved 1079296K
  class space    used 3009K, capacity 3680K, committed 3712K, reserved 1048576K
}
Event: 4.938 GC heap before
{Heap before GC invocations=15 (full 1):
 PSYoungGen      total 25088K, used 24832K [0x00000000eab00000, 0x00000000ec680000, 0x0000000100000000)
  eden space 22016K, 100% used [0x00000000eab00000,0x00000000ec080000,0x00000000ec080000)
  from space 3072K, 91% used [0x00000000ec100000,0x00000000ec3c0000,0x00000000ec400000)
  to   space 2560K, 0% used [0x00000000ec400000,0x00000000ec400000,0x00000000ec680000)
 ParOldGen       total 68608K, used 21563K [0x00000000c0000000, 0x00000000c4300000, 0x00000000eab00000)
  object space 68608K, 31% used [0x00000000c0000000,0x00000000c150ef58,0x00000000c4300000)
 Metaspace       used 33228K, capacity 35114K, committed 35328K, reserved 1081344K
  class space    used 3140K, capacity 3814K, committed 3840K, reserved 1048576K
}
Event: 4.943 GC heap after
{Heap after GC invocations=15 (full 1):
 PSYoungGen      total 23552K, used 1042K [0x00000000eab00000, 0x00000000ec580000, 0x0000000100000000)
  eden space 22016K, 0% used [0x00000000eab00000,0x00000000eab00000,0x00000000ec080000)
  from space 1536K, 67% used [0x00000000ec400000,0x00000000ec504858,0x00000000ec580000)
  to   space 2048K, 0% used [0x00000000ec180000,0x00000000ec180000,0x00000000ec380000)
 ParOldGen       total 68608K, used 24344K [0x00000000c0000000, 0x00000000c4300000, 0x00000000eab00000)
  object space 68608K, 35% used [0x00000000c0000000,0x00000000c17c62b0,0x00000000c4300000)
 Metaspace       used 33228K, capacity 35114K, committed 35328K, reserved 1081344K
  class space    used 3140K, capacity 3814K, committed 3840K, reserved 1048576K
}
Event: 4.955 GC heap before
{Heap before GC invocations=16 (full 1):
 PSYoungGen      total 23552K, used 1775K [0x00000000eab00000, 0x00000000ec580000, 0x0000000100000000)
  eden space 22016K, 3% used [0x00000000eab00000,0x00000000eabb7648,0x00000000ec080000)
  from space 1536K, 67% used [0x00000000ec400000,0x00000000ec504858,0x00000000ec580000)
  to   space 2048K, 0% used [0x00000000ec180000,0x00000000ec180000,0x00000000ec380000)
 ParOldGen       total 68608K, used 24344K [0x00000000c0000000, 0x00000000c4300000, 0x00000000eab00000)
  object space 68608K, 35% used [0x00000000c0000000,0x00000000c17c62b0,0x00000000c4300000)
 Metaspace       used 33406K, capacity 35274K, committed 35416K, reserved 1081344K
  class space    used 3156K, capacity 3846K, committed 3928K, reserved 1048576K
}
Event: 4.961 GC heap after
{Heap after GC invocations=16 (full 1):
 PSYoungGen      total 24064K, used 96K [0x00000000eab00000, 0x00000000ec480000, 0x0000000100000000)
  eden space 22016K, 0% used [0x00000000eab00000,0x00000000eab00000,0x00000000ec080000)
  from space 2048K, 4% used [0x00000000ec180000,0x00000000ec198000,0x00000000ec380000)
  to   space 1024K, 0% used [0x00000000ec380000,0x00000000ec380000,0x00000000ec480000)
 ParOldGen       total 68608K, used 25205K [0x00000000c0000000, 0x00000000c4300000, 0x00000000eab00000)
  object space 68608K, 36% used [0x00000000c0000000,0x00000000c189d6f8,0x00000000c4300000)
 Metaspace       used 33406K, capacity 35274K, committed 35416K, reserved 1081344K
  class space    used 3156K, capacity 3846K, committed 3928K, reserved 1048576K
}
Event: 4.961 GC heap before
{Heap before GC invocations=17 (full 2):
 PSYoungGen      total 24064K, used 96K [0x00000000eab00000, 0x00000000ec480000, 0x0000000100000000)
  eden space 22016K, 0% used [0x00000000eab00000,0x00000000eab00000,0x00000000ec080000)
  from space 2048K, 4% used [0x00000000ec180000,0x00000000ec198000,0x00000000ec380000)
  to   space 1024K, 0% used [0x00000000ec380000,0x00000000ec380000,0x00000000ec480000)
 ParOldGen       total 68608K, used 25205K [0x00000000c0000000, 0x00000000c4300000, 0x00000000eab00000)
  object space 68608K, 36% used [0x00000000c0000000,0x00000000c189d6f8,0x00000000c4300000)
 Metaspace       used 33406K, capacity 35274K, committed 35416K, reserved 1081344K
  class space    used 3156K, capacity 3846K, committed 3928K, reserved 1048576K
}
Event: 5.161 GC heap after
{Heap after GC invocations=17 (full 2):
 PSYoungGen      total 24064K, used 0K [0x00000000eab00000, 0x00000000ec480000, 0x0000000100000000)
  eden space 22016K, 0% used [0x00000000eab00000,0x00000000eab00000,0x00000000ec080000)
  from space 2048K, 0% used [0x00000000ec180000,0x00000000ec180000,0x00000000ec380000)
  to   space 1024K, 0% used [0x00000000ec380000,0x00000000ec380000,0x00000000ec480000)
 ParOldGen       total 68608K, used 24661K [0x00000000c0000000, 0x00000000c4300000, 0x00000000eab00000)
  object space 68608K, 35% used [0x00000000c0000000,0x00000000c18157a8,0x00000000c4300000)
 Metaspace       used 33406K, capacity 35274K, committed 35416K, reserved 1081344K
  class space    used 3156K, capacity 3846K, committed 3928K, reserved 1048576K
}

